
> server@1.0.0 start
> node src/index.js

[dotenv@17.2.3] injecting env (5) from .env -- tip: ⚙️  suppress all logs with { quiet: true }
[Cleanup] Session cleanup loop started (Interval: 60000ms)
Server running on port 3000
MongoDB Connected: localhost
[0mPOST /api/login [33m401[0m 23.007 ms - 42[0m
[0mPOST /api/login [33m401[0m 1.338 ms - 42[0m
[0mPOST /api/login [33m401[0m 1.747 ms - 42[0m
[0mPOST /api/login [32m200[0m 60.534 ms - 238[0m
[0mGET /api/get-spaces [32m200[0m 18.618 ms - 19[0m
[0mGET /api/get-spaces?uninitialized=true [32m200[0m 5.806 ms - 19[0m
[0mGET /api/get-spaces [32m200[0m 3.474 ms - 19[0m
[0mGET /api/get-spaces [32m200[0m 2.431 ms - 19[0m
[0mGET /api/get-spaces [32m200[0m 2.558 ms - 19[0m
[0mGET /api/get-spaces [32m200[0m 4.143 ms - 19[0m
[0mGET /api/get-spaces?uninitialized=true [32m200[0m 2.325 ms - 19[0m
[0mGET /api/get-spaces [32m200[0m 4.353 ms - 19[0m
[0mDELETE /api/delete [32m200[0m 15.170 ms - 49[0m
[0mGET /api/get-spaces [32m200[0m 3.176 ms - 13[0m
[0mPOST /api/new [32m201[0m 3.812 ms - 278[0m
